This file contains any messages produced by compilers while
running configure, to aid debugging if configure makes a mistake.

It was created by valadate configure 0.1, which was
generated by GNU Autoconf 2.69.  Invocation command line was

  $ ./configure 

## --------- ##
## Platform. ##
## --------- ##

hostname = localhost.localdomain
uname -m = x86_64
uname -r = 4.2.8-300.fc23.x86_64
uname -s = Linux
uname -v = #1 SMP Tue Dec 15 16:49:06 UTC 2015

/usr/bin/uname -p = x86_64
/bin/uname -X     = unknown

/bin/arch              = x86_64
/usr/bin/arch -k       = unknown
/usr/convex/getsysinfo = unknown
/usr/bin/hostinfo      = unknown
/bin/machine           = unknown
/usr/bin/oslevel       = unknown
/bin/universe          = unknown

PATH: /usr/local/bin
PATH: /usr/local/sbin
PATH: /usr/bin
PATH: /usr/sbin
PATH: /home/bizarro/.local/bin
PATH: /home/bizarro/bin


## ----------- ##
## Core tests. ##
## ----------- ##

configure:2264: checking for a BSD-compatible install
configure:2332: result: /usr/bin/install -c
configure:2343: checking whether build environment is sane
configure:2398: result: yes
configure:2549: checking for a thread-safe mkdir -p
configure:2588: result: /usr/bin/mkdir -p
configure:2595: checking for gawk
configure:2611: found /usr/bin/gawk
configure:2622: result: gawk
configure:2633: checking whether make sets $(MAKE)
configure:2655: result: yes
configure:2684: checking whether make supports nested variables
configure:2701: result: yes
configure:2828: checking whether to enable maintainer-specific portions of Makefiles
configure:2837: result: yes
configure:2900: checking for gcc
configure:2916: found /usr/bin/gcc
configure:2927: result: gcc
configure:3156: checking for C compiler version
configure:3165: gcc --version >&5
gcc (GCC) 5.3.1 20151207 (Red Hat 5.3.1-2)
Copyright (C) 2015 Free Software Foundation, Inc.
This is free software; see the source for copying conditions.  There is NO
warranty; not even for MERCHANTABILITY or FITNESS FOR A PARTICULAR PURPOSE.

configure:3176: $? = 0
configure:3165: gcc -v >&5
Using built-in specs.
COLLECT_GCC=gcc
COLLECT_LTO_WRAPPER=/usr/libexec/gcc/x86_64-redhat-linux/5.3.1/lto-wrapper
Target: x86_64-redhat-linux
Configured with: ../configure --enable-bootstrap --enable-languages=c,c++,objc,obj-c++,fortran,ada,go,lto --prefix=/usr --mandir=/usr/share/man --infodir=/usr/share/info --with-bugurl=http://bugzilla.redhat.com/bugzilla --enable-shared --enable-threads=posix --enable-checking=release --enable-multilib --with-system-zlib --enable-__cxa_atexit --disable-libunwind-exceptions --enable-gnu-unique-object --enable-linker-build-id --with-linker-hash-style=gnu --enable-plugin --enable-initfini-array --disable-libgcj --with-isl --enable-libmpx --enable-gnu-indirect-function --with-tune=generic --with-arch_32=i686 --build=x86_64-redhat-linux
Thread model: posix
gcc version 5.3.1 20151207 (Red Hat 5.3.1-2) (GCC) 
configure:3176: $? = 0
configure:3165: gcc -V >&5
gcc: error: unrecognized command line option '-V'
gcc: fatal error: no input files
compilation terminated.
configure:3176: $? = 1
configure:3165: gcc -qversion >&5
gcc: error: unrecognized command line option '-qversion'
gcc: fatal error: no input files
compilation terminated.
configure:3176: $? = 1
configure:3196: checking whether the C compiler works
configure:3218: gcc    conftest.c  >&5
configure:3222: $? = 0
configure:3270: result: yes
configure:3273: checking for C compiler default output file name
configure:3275: result: a.out
configure:3281: checking for suffix of executables
configure:3288: gcc -o conftest    conftest.c  >&5
configure:3292: $? = 0
configure:3314: result: 
configure:3336: checking whether we are cross compiling
configure:3344: gcc -o conftest    conftest.c  >&5
configure:3348: $? = 0
configure:3355: ./conftest
configure:3359: $? = 0
configure:3374: result: no
configure:3379: checking for suffix of object files
configure:3401: gcc -c   conftest.c >&5
configure:3405: $? = 0
configure:3426: result: o
configure:3430: checking whether we are using the GNU C compiler
configure:3449: gcc -c   conftest.c >&5
configure:3449: $? = 0
configure:3458: result: yes
configure:3467: checking whether gcc accepts -g
configure:3487: gcc -c -g  conftest.c >&5
configure:3487: $? = 0
configure:3528: result: yes
configure:3545: checking for gcc option to accept ISO C89
configure:3608: gcc  -c -g -O2  conftest.c >&5
configure:3608: $? = 0
configure:3621: result: none needed
configure:3646: checking whether gcc understands -c and -o together
configure:3668: gcc -c conftest.c -o conftest2.o
configure:3671: $? = 0
configure:3668: gcc -c conftest.c -o conftest2.o
configure:3671: $? = 0
configure:3683: result: yes
configure:3711: checking for style of include used by make
configure:3739: result: GNU
configure:3765: checking dependency style of gcc
configure:3876: result: gcc3
configure:3941: checking for ar
configure:3957: found /usr/bin/ar
configure:3968: result: ar
configure:3994: checking the archiver (ar) interface
configure:4010: gcc -c -g -O2  conftest.c >&5
configure:4010: $? = 0
configure:4012: ar cru libconftest.a conftest.o >&5
ar: `u' modifier ignored since `D' is the default (see `U')
configure:4015: $? = 0
configure:4043: result: ar
configure:4065: checking for valac
configure:4083: found /usr/bin/valac
configure:4096: result: /usr/bin/valac
configure:4139: checking build system type
configure:4153: result: x86_64-unknown-linux-gnu
configure:4173: checking host system type
configure:4186: result: x86_64-unknown-linux-gnu
configure:4284: checking how to print strings
configure:4311: result: printf
configure:4332: checking for a sed that does not truncate output
configure:4396: result: /usr/bin/sed
configure:4414: checking for grep that handles long lines and -e
configure:4472: result: /usr/bin/grep
configure:4477: checking for egrep
configure:4539: result: /usr/bin/grep -E
configure:4544: checking for fgrep
configure:4606: result: /usr/bin/grep -F
configure:4641: checking for ld used by gcc
configure:4708: result: /usr/bin/ld
configure:4715: checking if the linker (/usr/bin/ld) is GNU ld
configure:4730: result: yes
configure:4742: checking for BSD- or MS-compatible name lister (nm)
configure:4796: result: /usr/bin/nm -B
configure:4926: checking the name lister (/usr/bin/nm -B) interface
configure:4933: gcc -c -g -O2  conftest.c >&5
configure:4936: /usr/bin/nm -B "conftest.o"
configure:4939: output
0000000000000000 B some_variable
configure:4946: result: BSD nm
configure:4949: checking whether ln -s works
configure:4953: result: yes
configure:4961: checking the maximum length of command line arguments
configure:5092: result: 1572864
configure:5140: checking how to convert x86_64-unknown-linux-gnu file names to x86_64-unknown-linux-gnu format
configure:5180: result: func_convert_file_noop
configure:5187: checking how to convert x86_64-unknown-linux-gnu file names to toolchain format
configure:5207: result: func_convert_file_noop
configure:5214: checking for /usr/bin/ld option to reload object files
configure:5221: result: -r
configure:5295: checking for objdump
configure:5311: found /usr/bin/objdump
configure:5322: result: objdump
configure:5354: checking how to recognize dependent libraries
configure:5554: result: pass_all
configure:5639: checking for dlltool
configure:5669: result: no
configure:5699: checking how to associate runtime and link libraries
configure:5726: result: printf %s\n
configure:5850: checking for archiver @FILE support
configure:5867: gcc -c -g -O2  conftest.c >&5
configure:5867: $? = 0
configure:5870: ar cru libconftest.a @conftest.lst >&5
ar: `u' modifier ignored since `D' is the default (see `U')
configure:5873: $? = 0
configure:5878: ar cru libconftest.a @conftest.lst >&5
ar: `u' modifier ignored since `D' is the default (see `U')
ar: conftest.o: No such file or directory
configure:5881: $? = 1
configure:5893: result: @
configure:5951: checking for strip
configure:5967: found /usr/bin/strip
configure:5978: result: strip
configure:6050: checking for ranlib
configure:6066: found /usr/bin/ranlib
configure:6077: result: ranlib
configure:6179: checking command to parse /usr/bin/nm -B output from gcc object
configure:6332: gcc -c -g -O2  conftest.c >&5
configure:6335: $? = 0
configure:6339: /usr/bin/nm -B conftest.o \| sed -n -e 's/^.*[ ]\([ABCDGIRSTW][ABCDGIRSTW]*\)[ ][ ]*\([_A-Za-z][_A-Za-z0-9]*\)$/\1 \2 \2/p' | sed '/ __gnu_lto/d' \> conftest.nm
configure:6342: $? = 0
configure:6408: gcc -o conftest -g -O2   conftest.c conftstm.o >&5
configure:6411: $? = 0
configure:6449: result: ok
configure:6496: checking for sysroot
configure:6526: result: no
configure:6533: checking for a working dd
configure:6571: result: /usr/bin/dd
configure:6575: checking how to truncate binary pipes
configure:6590: result: /usr/bin/dd bs=4096 count=1
configure:6726: gcc -c -g -O2  conftest.c >&5
configure:6729: $? = 0
configure:6919: checking for mt
configure:6949: result: no
configure:6969: checking if : is a manifest tool
configure:6975: : '-?'
configure:6983: result: no
configure:7660: checking how to run the C preprocessor
configure:7691: gcc -E  conftest.c
configure:7691: $? = 0
configure:7705: gcc -E  conftest.c
conftest.c:11:28: fatal error: ac_nonexistent.h: No such file or directory
compilation terminated.
configure:7705: $? = 1
configure: failed program was:
| /* confdefs.h */
| #define PACKAGE_NAME "valadate"
| #define PACKAGE_TARNAME "valadate"
| #define PACKAGE_VERSION "0.1"
| #define PACKAGE_STRING "valadate 0.1"
| #define PACKAGE_BUGREPORT "https://github.com/chebizarro/valadate/issues"
| #define PACKAGE_URL "https://github.com/chebizarro/valadate"
| #define PACKAGE "valadate"
| #define VERSION "0.1"
| /* end confdefs.h.  */
| #include <ac_nonexistent.h>
configure:7730: result: gcc -E
configure:7750: gcc -E  conftest.c
configure:7750: $? = 0
configure:7764: gcc -E  conftest.c
conftest.c:11:28: fatal error: ac_nonexistent.h: No such file or directory
compilation terminated.
configure:7764: $? = 1
configure: failed program was:
| /* confdefs.h */
| #define PACKAGE_NAME "valadate"
| #define PACKAGE_TARNAME "valadate"
| #define PACKAGE_VERSION "0.1"
| #define PACKAGE_STRING "valadate 0.1"
| #define PACKAGE_BUGREPORT "https://github.com/chebizarro/valadate/issues"
| #define PACKAGE_URL "https://github.com/chebizarro/valadate"
| #define PACKAGE "valadate"
| #define VERSION "0.1"
| /* end confdefs.h.  */
| #include <ac_nonexistent.h>
configure:7793: checking for ANSI C header files
configure:7813: gcc -c -g -O2  conftest.c >&5
configure:7813: $? = 0
configure:7886: gcc -o conftest -g -O2   conftest.c  >&5
configure:7886: $? = 0
configure:7886: ./conftest
configure:7886: $? = 0
configure:7897: result: yes
configure:7910: checking for sys/types.h
configure:7910: gcc -c -g -O2  conftest.c >&5
configure:7910: $? = 0
configure:7910: result: yes
configure:7910: checking for sys/stat.h
configure:7910: gcc -c -g -O2  conftest.c >&5
configure:7910: $? = 0
configure:7910: result: yes
configure:7910: checking for stdlib.h
configure:7910: gcc -c -g -O2  conftest.c >&5
configure:7910: $? = 0
configure:7910: result: yes
configure:7910: checking for string.h
configure:7910: gcc -c -g -O2  conftest.c >&5
configure:7910: $? = 0
configure:7910: result: yes
configure:7910: checking for memory.h
configure:7910: gcc -c -g -O2  conftest.c >&5
configure:7910: $? = 0
configure:7910: result: yes
configure:7910: checking for strings.h
configure:7910: gcc -c -g -O2  conftest.c >&5
configure:7910: $? = 0
configure:7910: result: yes
configure:7910: checking for inttypes.h
configure:7910: gcc -c -g -O2  conftest.c >&5
configure:7910: $? = 0
configure:7910: result: yes
configure:7910: checking for stdint.h
configure:7910: gcc -c -g -O2  conftest.c >&5
configure:7910: $? = 0
configure:7910: result: yes
configure:7910: checking for unistd.h
configure:7910: gcc -c -g -O2  conftest.c >&5
configure:7910: $? = 0
configure:7910: result: yes
configure:7924: checking for dlfcn.h
configure:7924: gcc -c -g -O2  conftest.c >&5
configure:7924: $? = 0
configure:7924: result: yes
configure:8179: checking for objdir
configure:8194: result: .libs
configure:8458: checking if gcc supports -fno-rtti -fno-exceptions
configure:8476: gcc -c -g -O2  -fno-rtti -fno-exceptions conftest.c >&5
cc1: warning: command line option '-fno-rtti' is valid for C++/ObjC++ but not for C
configure:8480: $? = 0
configure:8493: result: no
configure:8851: checking for gcc option to produce PIC
configure:8858: result: -fPIC -DPIC
configure:8866: checking if gcc PIC flag -fPIC -DPIC works
configure:8884: gcc -c -g -O2  -fPIC -DPIC -DPIC conftest.c >&5
configure:8888: $? = 0
configure:8901: result: yes
configure:8930: checking if gcc static flag -static works
configure:8958: result: no
configure:8973: checking if gcc supports -c -o file.o
configure:8994: gcc -c -g -O2  -o out/conftest2.o conftest.c >&5
configure:8998: $? = 0
configure:9020: result: yes
configure:9028: checking if gcc supports -c -o file.o
configure:9075: result: yes
configure:9108: checking whether the gcc linker (/usr/bin/ld -m elf_x86_64) supports shared libraries
configure:10367: result: yes
configure:10404: checking whether -lc should be explicitly linked in
configure:10412: gcc -c -g -O2  conftest.c >&5
configure:10415: $? = 0
configure:10430: gcc -shared  -fPIC -DPIC conftest.o  -v -Wl,-soname -Wl,conftest -o conftest 2\>\&1 \| /usr/bin/grep  -lc  \>/dev/null 2\>\&1
configure:10433: $? = 0
configure:10447: result: no
configure:10607: checking dynamic linker characteristics
configure:11188: gcc -o conftest -g -O2   -Wl,-rpath -Wl,/foo conftest.c  >&5
configure:11188: $? = 0
configure:11428: result: GNU/Linux ld.so
configure:11550: checking how to hardcode library paths into programs
configure:11575: result: immediate
configure:12123: checking whether stripping libraries is possible
configure:12128: result: yes
configure:12163: checking if libtool supports shared libraries
configure:12165: result: yes
configure:12168: checking whether to build shared libraries
configure:12193: result: yes
configure:12196: checking whether to build static libraries
configure:12200: result: no
configure:12240: checking for glib-compile-resources
configure:12258: found /usr/bin/glib-compile-resources
configure:12270: result: /usr/bin/glib-compile-resources
configure:12336: checking for pkg-config
configure:12354: found /usr/bin/pkg-config
configure:12366: result: /usr/bin/pkg-config
configure:12391: checking pkg-config is at least version 0.9.0
configure:12394: result: yes
configure:12404: checking for VALADATE
configure:12411: $PKG_CONFIG --exists --print-errors "$pkg_modules"
configure:12414: $? = 0
configure:12428: $PKG_CONFIG --exists --print-errors "$pkg_modules"
configure:12431: $? = 0
configure:12489: result: yes
configure:12645: checking that generated files are newer than configure
configure:12651: result: done
configure:12686: creating ./config.status

## ---------------------- ##
## Running config.status. ##
## ---------------------- ##

This file was extended by valadate config.status 0.1, which was
generated by GNU Autoconf 2.69.  Invocation command line was

  CONFIG_FILES    = 
  CONFIG_HEADERS  = 
  CONFIG_LINKS    = 
  CONFIG_COMMANDS = 
  $ ./config.status 

on localhost.localdomain

config.status:1026: creating Makefile
config.status:1026: creating lib/Makefile
config.status:1026: creating lib/libvaladate-0.1.pc
config.status:1026: creating runner/Makefile
config.status:1026: creating test/Makefile
config.status:1198: executing depfiles commands
config.status:1198: executing libtool commands

## ---------------- ##
## Cache variables. ##
## ---------------- ##

ac_cv_build=x86_64-unknown-linux-gnu
ac_cv_c_compiler_gnu=yes
ac_cv_env_CC_set=
ac_cv_env_CC_value=
ac_cv_env_CFLAGS_set=
ac_cv_env_CFLAGS_value=
ac_cv_env_CPPFLAGS_set=
ac_cv_env_CPPFLAGS_value=
ac_cv_env_CPP_set=
ac_cv_env_CPP_value=
ac_cv_env_LDFLAGS_set=
ac_cv_env_LDFLAGS_value=
ac_cv_env_LIBS_set=
ac_cv_env_LIBS_value=
ac_cv_env_LT_SYS_LIBRARY_PATH_set=
ac_cv_env_LT_SYS_LIBRARY_PATH_value=
ac_cv_env_PKG_CONFIG_LIBDIR_set=
ac_cv_env_PKG_CONFIG_LIBDIR_value=
ac_cv_env_PKG_CONFIG_PATH_set=
ac_cv_env_PKG_CONFIG_PATH_value=
ac_cv_env_PKG_CONFIG_set=
ac_cv_env_PKG_CONFIG_value=
ac_cv_env_VALADATE_CFLAGS_set=
ac_cv_env_VALADATE_CFLAGS_value=
ac_cv_env_VALADATE_LIBS_set=
ac_cv_env_VALADATE_LIBS_value=
ac_cv_env_build_alias_set=
ac_cv_env_build_alias_value=
ac_cv_env_host_alias_set=
ac_cv_env_host_alias_value=
ac_cv_env_target_alias_set=
ac_cv_env_target_alias_value=
ac_cv_header_dlfcn_h=yes
ac_cv_header_inttypes_h=yes
ac_cv_header_memory_h=yes
ac_cv_header_stdc=yes
ac_cv_header_stdint_h=yes
ac_cv_header_stdlib_h=yes
ac_cv_header_string_h=yes
ac_cv_header_strings_h=yes
ac_cv_header_sys_stat_h=yes
ac_cv_header_sys_types_h=yes
ac_cv_header_unistd_h=yes
ac_cv_host=x86_64-unknown-linux-gnu
ac_cv_objext=o
ac_cv_path_EGREP='/usr/bin/grep -E'
ac_cv_path_FGREP='/usr/bin/grep -F'
ac_cv_path_GLIB_COMPILE_RESOURCES=/usr/bin/glib-compile-resources
ac_cv_path_GREP=/usr/bin/grep
ac_cv_path_SED=/usr/bin/sed
ac_cv_path_VALAC=/usr/bin/valac
ac_cv_path_ac_pt_PKG_CONFIG=/usr/bin/pkg-config
ac_cv_path_install='/usr/bin/install -c'
ac_cv_path_lt_DD=/usr/bin/dd
ac_cv_path_mkdir=/usr/bin/mkdir
ac_cv_prog_AWK=gawk
ac_cv_prog_CPP='gcc -E'
ac_cv_prog_ac_ct_AR=ar
ac_cv_prog_ac_ct_CC=gcc
ac_cv_prog_ac_ct_OBJDUMP=objdump
ac_cv_prog_ac_ct_RANLIB=ranlib
ac_cv_prog_ac_ct_STRIP=strip
ac_cv_prog_cc_c89=
ac_cv_prog_cc_g=yes
ac_cv_prog_make_make_set=yes
am_cv_CC_dependencies_compiler_type=gcc3
am_cv_ar_interface=ar
am_cv_make_support_nested_variables=yes
am_cv_prog_cc_c_o=yes
lt_cv_ar_at_file=@
lt_cv_archive_cmds_need_lc=no
lt_cv_deplibs_check_method=pass_all
lt_cv_file_magic_cmd='$MAGIC_CMD'
lt_cv_file_magic_test_file=
lt_cv_ld_reload_flag=-r
lt_cv_nm_interface='BSD nm'
lt_cv_objdir=.libs
lt_cv_path_LD=/usr/bin/ld
lt_cv_path_NM='/usr/bin/nm -B'
lt_cv_path_mainfest_tool=no
lt_cv_prog_compiler_c_o=yes
lt_cv_prog_compiler_pic='-fPIC -DPIC'
lt_cv_prog_compiler_pic_works=yes
lt_cv_prog_compiler_rtti_exceptions=no
lt_cv_prog_compiler_static_works=no
lt_cv_prog_gnu_ld=yes
lt_cv_sharedlib_from_linklib_cmd='printf %s\n'
lt_cv_shlibpath_overrides_runpath=no
lt_cv_sys_global_symbol_pipe='sed -n -e '\''s/^.*[	 ]\([ABCDGIRSTW][ABCDGIRSTW]*\)[	 ][	 ]*\([_A-Za-z][_A-Za-z0-9]*\)$/\1 \2 \2/p'\'' | sed '\''/ __gnu_lto/d'\'''
lt_cv_sys_global_symbol_to_c_name_address='sed -n -e '\''s/^: \(.*\) .*$/  {"\1", (void *) 0},/p'\'' -e '\''s/^[ABCDGIRSTW][ABCDGIRSTW]* .* \(.*\)$/  {"\1", (void *) \&\1},/p'\'''
lt_cv_sys_global_symbol_to_c_name_address_lib_prefix='sed -n -e '\''s/^: \(.*\) .*$/  {"\1", (void *) 0},/p'\'' -e '\''s/^[ABCDGIRSTW][ABCDGIRSTW]* .* \(lib.*\)$/  {"\1", (void *) \&\1},/p'\'' -e '\''s/^[ABCDGIRSTW][ABCDGIRSTW]* .* \(.*\)$/  {"lib\1", (void *) \&\1},/p'\'''
lt_cv_sys_global_symbol_to_cdecl='sed -n -e '\''s/^T .* \(.*\)$/extern int \1();/p'\'' -e '\''s/^[ABCDGIRSTW][ABCDGIRSTW]* .* \(.*\)$/extern char \1;/p'\'''
lt_cv_sys_global_symbol_to_import=
lt_cv_sys_max_cmd_len=1572864
lt_cv_to_host_file_cmd=func_convert_file_noop
lt_cv_to_tool_file_cmd=func_convert_file_noop
lt_cv_truncate_bin='/usr/bin/dd bs=4096 count=1'
pkg_cv_VALADATE_CFLAGS='-pthread -I/usr/include/gobject-introspection-1.0 -I/usr/include/vala-0.30 -I/usr/include/glib-2.0 -I/usr/lib64/glib-2.0/include '
pkg_cv_VALADATE_LIBS='-lgirepository-1.0 -lvala-0.30 -lgobject-2.0 -Wl,--export-dynamic -lgmodule-2.0 -pthread -lglib-2.0 '

## ----------------- ##
## Output variables. ##
## ----------------- ##

ACLOCAL='${SHELL} /home/bizarro/Documents/projects/valadate/missing aclocal-1.15'
AMDEPBACKSLASH='\'
AMDEP_FALSE='#'
AMDEP_TRUE=''
AMTAR='$${TAR-tar}'
AM_BACKSLASH='\'
AM_DEFAULT_V='$(AM_DEFAULT_VERBOSITY)'
AM_DEFAULT_VERBOSITY='1'
AM_V='$(V)'
AR='ar'
AUTOCONF='${SHELL} /home/bizarro/Documents/projects/valadate/missing autoconf'
AUTOHEADER='${SHELL} /home/bizarro/Documents/projects/valadate/missing autoheader'
AUTOMAKE='${SHELL} /home/bizarro/Documents/projects/valadate/missing automake-1.15'
AWK='gawk'
CC='gcc'
CCDEPMODE='depmode=gcc3'
CFLAGS='-g -O2'
CPP='gcc -E'
CPPFLAGS=''
CYGPATH_W='echo'
DEFS='-DPACKAGE_NAME=\"valadate\" -DPACKAGE_TARNAME=\"valadate\" -DPACKAGE_VERSION=\"0.1\" -DPACKAGE_STRING=\"valadate\ 0.1\" -DPACKAGE_BUGREPORT=\"https://github.com/chebizarro/valadate/issues\" -DPACKAGE_URL=\"https://github.com/chebizarro/valadate\" -DPACKAGE=\"valadate\" -DVERSION=\"0.1\" -DSTDC_HEADERS=1 -DHAVE_SYS_TYPES_H=1 -DHAVE_SYS_STAT_H=1 -DHAVE_STDLIB_H=1 -DHAVE_STRING_H=1 -DHAVE_MEMORY_H=1 -DHAVE_STRINGS_H=1 -DHAVE_INTTYPES_H=1 -DHAVE_STDINT_H=1 -DHAVE_UNISTD_H=1 -DHAVE_DLFCN_H=1 -DLT_OBJDIR=\".libs/\"'
DEPDIR='.deps'
DLLTOOL='false'
DSYMUTIL=''
DUMPBIN=''
ECHO_C=''
ECHO_N='-n'
ECHO_T=''
EGREP='/usr/bin/grep -E'
EXEEXT=''
FGREP='/usr/bin/grep -F'
GLIB_COMPILE_RESOURCES='/usr/bin/glib-compile-resources'
GREP='/usr/bin/grep'
INSTALL_DATA='${INSTALL} -m 644'
INSTALL_PROGRAM='${INSTALL}'
INSTALL_SCRIPT='${INSTALL}'
INSTALL_STRIP_PROGRAM='$(install_sh) -c -s'
LD='/usr/bin/ld -m elf_x86_64'
LDFLAGS=''
LIBOBJS=''
LIBS=''
LIBTOOL='$(SHELL) $(top_builddir)/libtool'
LIPO=''
LN_S='ln -s'
LTLIBOBJS=''
LT_SYS_LIBRARY_PATH=''
MAINT=''
MAINTAINER_MODE_FALSE='#'
MAINTAINER_MODE_TRUE=''
MAKEINFO='${SHELL} /home/bizarro/Documents/projects/valadate/missing makeinfo'
MANIFEST_TOOL=':'
MKDIR_P='/usr/bin/mkdir -p'
NATIVE_WIN32_FALSE=''
NATIVE_WIN32_TRUE='#'
NM='/usr/bin/nm -B'
NMEDIT=''
OBJDUMP='objdump'
OBJEXT='o'
OTOOL64=''
OTOOL=''
PACKAGE='valadate'
PACKAGE_BUGREPORT='https://github.com/chebizarro/valadate/issues'
PACKAGE_NAME='valadate'
PACKAGE_STRING='valadate 0.1'
PACKAGE_TARNAME='valadate'
PACKAGE_URL='https://github.com/chebizarro/valadate'
PACKAGE_VERSION='0.1'
PATH_SEPARATOR=':'
PKG_CONFIG='/usr/bin/pkg-config'
PKG_CONFIG_LIBDIR=''
PKG_CONFIG_PATH=''
PLATFORM_WIN32_FALSE=''
PLATFORM_WIN32_TRUE='#'
RANLIB='ranlib'
SED='/usr/bin/sed'
SET_MAKE=''
SHELL='/bin/sh'
STRIP='strip'
VALAC='/usr/bin/valac'
VALADATE_CFLAGS='-pthread -I/usr/include/gobject-introspection-1.0 -I/usr/include/vala-0.30 -I/usr/include/glib-2.0 -I/usr/lib64/glib-2.0/include '
VALADATE_LIBS='-lgirepository-1.0 -lvala-0.30 -lgobject-2.0 -Wl,--export-dynamic -lgmodule-2.0 -pthread -lglib-2.0 '
VERSION='0.1'
ac_ct_AR='ar'
ac_ct_CC='gcc'
ac_ct_DUMPBIN=''
am__EXEEXT_FALSE=''
am__EXEEXT_TRUE='#'
am__fastdepCC_FALSE='#'
am__fastdepCC_TRUE=''
am__include='include'
am__isrc=''
am__leading_dot='.'
am__nodep='_no'
am__quote=''
am__tar='$${TAR-tar} chof - "$$tardir"'
am__untar='$${TAR-tar} xf -'
bindir='${exec_prefix}/bin'
build='x86_64-unknown-linux-gnu'
build_alias=''
build_cpu='x86_64'
build_os='linux-gnu'
build_vendor='unknown'
datadir='${datarootdir}'
datarootdir='${prefix}/share'
docdir='${datarootdir}/doc/${PACKAGE_TARNAME}'
dvidir='${docdir}'
exec_prefix='${prefix}'
host='x86_64-unknown-linux-gnu'
host_alias=''
host_cpu='x86_64'
host_os='linux-gnu'
host_vendor='unknown'
htmldir='${docdir}'
includedir='${prefix}/include'
infodir='${datarootdir}/info'
install_sh='${SHELL} /home/bizarro/Documents/projects/valadate/install-sh'
libdir='${exec_prefix}/lib'
libexecdir='${exec_prefix}/libexec'
localedir='${datarootdir}/locale'
localstatedir='${prefix}/var'
mandir='${datarootdir}/man'
mkdir_p='$(MKDIR_P)'
oldincludedir='/usr/include'
pdfdir='${docdir}'
pkg_modules='glib-2.0 gobject-2.0 gobject-introspection-1.0 libvala-0.30 gmodule-2.0'
prefix='/usr/local'
program_transform_name='s,x,x,'
psdir='${docdir}'
sbindir='${exec_prefix}/sbin'
sharedstatedir='${prefix}/com'
sysconfdir='${prefix}/etc'
target_alias=''

## ----------- ##
## confdefs.h. ##
## ----------- ##

/* confdefs.h */
#define PACKAGE_NAME "valadate"
#define PACKAGE_TARNAME "valadate"
#define PACKAGE_VERSION "0.1"
#define PACKAGE_STRING "valadate 0.1"
#define PACKAGE_BUGREPORT "https://github.com/chebizarro/valadate/issues"
#define PACKAGE_URL "https://github.com/chebizarro/valadate"
#define PACKAGE "valadate"
#define VERSION "0.1"
#define STDC_HEADERS 1
#define HAVE_SYS_TYPES_H 1
#define HAVE_SYS_STAT_H 1
#define HAVE_STDLIB_H 1
#define HAVE_STRING_H 1
#define HAVE_MEMORY_H 1
#define HAVE_STRINGS_H 1
#define HAVE_INTTYPES_H 1
#define HAVE_STDINT_H 1
#define HAVE_UNISTD_H 1
#define HAVE_DLFCN_H 1
#define LT_OBJDIR ".libs/"

configure: exit 0

## ---------------------- ##
## Running config.status. ##
## ---------------------- ##

This file was extended by valadate config.status 0.1, which was
generated by GNU Autoconf 2.69.  Invocation command line was

  CONFIG_FILES    = 
  CONFIG_HEADERS  = 
  CONFIG_LINKS    = 
  CONFIG_COMMANDS = 
  $ ./config.status test/Makefile depfiles

on localhost.localdomain

config.status:1026: creating test/Makefile
config.status:1198: executing depfiles commands
